2023-06-04T14:11:06.509870+0300 INFO Все работает
2023-06-04T14:11:07.566348+0300 INFO Все работает
2023-06-04T14:11:08.277869+0300 INFO Все работает
2023-06-04T14:11:08.966089+0300 INFO Все работает
2023-06-04T14:11:09.781878+0300 INFO Все работает
2023-06-04T14:11:10.685788+0300 INFO Все работает
2023-06-04T14:11:11.661878+0300 INFO Все работает
2023-06-04T14:11:12.637837+0300 INFO Все работает
2023-06-04T14:11:13.518106+0300 INFO Все работает
2023-06-04T14:11:15.078148+0300 INFO Все работает
2023-06-04T14:11:16.310331+0300 INFO Все работает
2023-06-04T14:11:18.893875+0300 INFO Все работает
2023-06-04T14:22:51.208786+0300 INFO Title Image\error_image.jpg
2023-06-04T14:35:49.900762+0300 INFO Путь сохранения видео: .
2023-06-04T14:35:54.622663+0300 INFO Путь сохранения видео: D:\Video_YouTube_Downloader_v3
2023-06-04T14:36:59.127614+0300 INFO Путь сохранения видео: C:\Program Files (x86)\Gigabyte
2023-06-04T14:38:13.699736+0300 INFO Путь сохранения видео: D:\Video_YouTube_Downloader_v3
2023-06-04T14:38:25.955115+0300 INFO Путь сохранения видео: .
2023-06-04T14:38:34.182443+0300 INFO Путь сохранения видео: C:\Users\kupri\OneDrive\Рабочий стол
2023-06-04T14:39:11.842717+0300 INFO Путь сохранения видео: .
2023-06-04T14:39:14.108916+0300 INFO Путь сохранения видео: D:\Video_YouTube_Downloader_v3
2023-06-04T14:39:40.838427+0300 INFO Путь сохранения видео: D:\PTC Mathcad Prime 7.0.0 x64\PTC Mathcad Prime 7.0.0 x64\Instalador\ptcsh0
